<?xml version="1.0" encoding="UTF-8"?>
<!-- Generated by org.testng.reporters.JUnitReportReporter -->
<testsuite hostname="DESKTOP-974RD15" failures="0" tests="4" name="com.flipkart.TestClass.Flikart_TestClass1" time="4.758" errors="0" timestamp="2021-06-21T10:53:01 IST" skipped="2">
  <testcase classname="com.flipkart.TestClass.Flikart_TestClass1" name="LoginTest" time="4.031"/>
  <system-out/>
  <testcase classname="com.flipkart.TestClass.Flikart_TestClass1" name="Mobiles_Test" time="0.727"/>
  <system-out/>
  <testcase classname="com.flipkart.TestClass.Flikart_TestClass1" name="Fashion_Test">
    <skipped/>
  </testcase> <!-- Fashion_Test -->
  <system-out/>
  <testcase classname="com.flipkart.TestClass.Flikart_TestClass1" name="LoginTest1">
    <skipped/>
  </testcase> <!-- LoginTest1 -->
  <system-out/>
</testsuite> <!-- com.flipkart.TestClass.Flikart_TestClass1 -->
